
> build
> vite build

[33mThe CJS build of Vite's Node API is deprecated. See https://vite.dev/guide/troubleshooting.html#vite-cjs-node-api-deprecated for more details.[39m
vite v6.3.5 building for production...
transforming...
✓ 3272 modules transformed.
rendering chunks...
computing gzip size...
dist/index.html                             0.46 kB │ gzip:   0.31 kB
dist/assets/index-BjJuhz9R.css              2.46 kB │ gzip:   0.97 kB
dist/assets/stat-arrow-puyGYLPb.js          1.05 kB │ gzip:   0.63 kB │ map:     2.78 kB
dist/assets/TeamManagement-Cp-lL27K.js      6.45 kB │ gzip:   1.95 kB │ map:    21.11 kB
dist/assets/Analytics-DjxgVa6P.js           6.78 kB │ gzip:   2.39 kB │ map:    23.59 kB
dist/assets/KnowledgeBase-Cg2gfRGa.js       7.81 kB │ gzip:   3.27 kB │ map:    31.58 kB
dist/assets/CRM-D_flJQkv.js                 9.48 kB │ gzip:   3.15 kB │ map:    30.41 kB
dist/assets/index-CgQN8Vh3.js           1,116.35 kB │ gzip: 348.75 kB │ map: 6,327.32 kB

(!) Some chunks are larger than 500 kB after minification. Consider:
- Using dynamic import() to code-split the application
- Use build.rollupOptions.output.manualChunks to improve chunking: https://rollupjs.org/configuration-options/#output-manualchunks
- Adjust chunk size limit for this warning via build.chunkSizeWarningLimit.
✓ built in 1m 18s
